<?xml version="1.0" encoding="UTF-8"?>
<!-- Generated by org.testng.reporters.JUnitReportReporter -->
<testsuite hostname="DESKTOP-NV7C35M" failures="0" tests="4" name="api.tests.userTests" time="2.900" errors="0" timestamp="2025-08-12T12:06:43 IST" skipped="0">
  <testcase classname="api.tests.userTests" name="crete_user" time="2.742"/>
  <testcase classname="api.tests.userTests" name="read_user" time="0.063"/>
  <testcase classname="api.tests.userTests" name="update_user" time="0.056"/>
  <testcase classname="api.tests.userTests" name="delete_user" time="0.039"/>
</testsuite> <!-- api.tests.userTests -->
