<?xml version="1.0" encoding="UTF-8"?>
<!-- Generated by org.testng.reporters.JUnitReportReporter -->
<testsuite hostname="DESKTOP-NV7C35M" failures="0" tests="18" name="api.tests.DataDrivenTest" time="54.761" errors="0" timestamp="2025-08-12T12:15:49 IST" skipped="0">
  <testcase classname="api.tests.DataDrivenTest" name="testcretaeUser" time="3.049"/>
  <testcase classname="api.tests.DataDrivenTest" name="testcretaeUser" time="3.046"/>
  <testcase classname="api.tests.DataDrivenTest" name="testcretaeUser" time="3.042"/>
  <testcase classname="api.tests.DataDrivenTest" name="testcretaeUser" time="3.053"/>
  <testcase classname="api.tests.DataDrivenTest" name="testcretaeUser" time="3.038"/>
  <testcase classname="api.tests.DataDrivenTest" name="testcretaeUser" time="3.060"/>
  <testcase classname="api.tests.DataDrivenTest" name="testGetUser" time="3.031"/>
  <testcase classname="api.tests.DataDrivenTest" name="testdeleteUser" time="3.026"/>
  <testcase classname="api.tests.DataDrivenTest" name="testGetUser" time="3.067"/>
  <testcase classname="api.tests.DataDrivenTest" name="testGetUser" time="3.034"/>
  <testcase classname="api.tests.DataDrivenTest" name="testdeleteUser" time="3.062"/>
  <testcase classname="api.tests.DataDrivenTest" name="testGetUser" time="3.043"/>
  <testcase classname="api.tests.DataDrivenTest" name="testdeleteUser" time="3.032"/>
  <testcase classname="api.tests.DataDrivenTest" name="testGetUser" time="3.035"/>
  <testcase classname="api.tests.DataDrivenTest" name="testGetUser" time="3.027"/>
  <testcase classname="api.tests.DataDrivenTest" name="testdeleteUser" time="3.026"/>
  <testcase classname="api.tests.DataDrivenTest" name="testdeleteUser" time="3.048"/>
  <testcase classname="api.tests.DataDrivenTest" name="testdeleteUser" time="3.042"/>
</testsuite> <!-- api.tests.DataDrivenTest -->
